<?xml version="1.0" encoding="UTF-8"?>
<Site BuildName="Win32-mingw32-make"
	BuildStamp="20231229-0727-Experimental"
	Name="DESKTOP-4Q9J28D"
	Generator="ctest-3.26.2"
	CompilerName="C:/Program Files/JetBrains/CLion 2022.2.3/bin/mingw/bin/g++.exe"
	CompilerVersion="11.2.0"
	OSName="Windows"
	Hostname="DESKTOP-4Q9J28D"
	OSRelease=" Professional"
	OSVersion=" (Build 22621)"
	OSPlatform="AMD64"
	Is64Bits="1"
	VendorString="GenuineIntel"
	VendorID="Intel Corporation"
	FamilyID="6"
	ModelID="14"
	ProcessorCacheSize="-1"
	NumberOfLogicalCPU="8"
	NumberOfPhysicalCPU="4"
	TotalVirtualMemory="41866"
	TotalPhysicalMemory="16266"
	LogicalProcessorsPerPhysical="2"
	ProcessorClockFrequency="2303"
	>
	<Testing>
		<StartDateTime>Dec 29 15:27 [NON-UTF-8-BYTE-0xD6]й[NON-UTF-8-BYTE-0xFA][NON-UTF-8-BYTE-0xB1][NON-UTF-8-BYTE-0xEA]׼ʱ[NON-UTF-8-BYTE-0xBC][NON-UTF-8-BYTE-0xE4]</StartDateTime>
		<StartTestTime>1703834821</StartTestTime>
		<TestList/>
		<EndDateTime>Dec 29 15:27 [NON-UTF-8-BYTE-0xD6]й[NON-UTF-8-BYTE-0xFA][NON-UTF-8-BYTE-0xB1][NON-UTF-8-BYTE-0xEA]׼ʱ[NON-UTF-8-BYTE-0xBC][NON-UTF-8-BYTE-0xE4]</EndDateTime>
		<EndTestTime>1703834821</EndTestTime>
		<ElapsedMinutes>0</ElapsedMinutes>
	</Testing>
</Site>
